<?xml version="1.0" encoding="UTF-8"?>
<!-- Generated by org.testng.reporters.JUnitReportReporter -->
<testsuite skipped="0" hostname="SHASHIPRAKASHT-w8" name="Intro.sessionTestNG" tests="2" failures="0" timestamp="02 Aug 2019 07:34:07 GMT" time="0.009" errors="0">
  <testcase name="firstTest" time="0.003" classname="Intro.sessionTestNG"/>
  <testcase name="SecondTest" time="0.006" classname="Intro.sessionTestNG"/>
</testsuite> <!-- Intro.sessionTestNG -->
