<?xml version="1.0" encoding="UTF-8"?>
<!-- Generated by org.testng.reporters.JUnitReportReporter -->
<testsuite skipped="0" hostname="SHASHIPRAKASHT-w8" name="StartingTestCases.APITest" tests="2" failures="0" timestamp="16 Jun 2020 05:20:56 GMT" time="0.002" errors="0">
  <testcase name="aPIBrowserProject" time="0.002" classname="StartingTestCases.APITest"/>
  <testcase name="aPIBrowserProject2" time="0.000" classname="StartingTestCases.APITest"/>
</testsuite> <!-- StartingTestCases.APITest -->
