<?xml version="1.0" encoding="UTF-8"?>
<!-- Generated by org.testng.reporters.JUnitReportReporter -->
<testsuite skipped="0" hostname="SHASHIPRAKASHT-w8" name="StartingTestCases.SeleniumTest" tests="2" failures="0" timestamp="16 Jun 2020 05:20:56 GMT" time="0.000" errors="0">
  <testcase name="browserProject" time="0.000" classname="StartingTestCases.SeleniumTest"/>
  <testcase name="browserProject2" time="0.000" classname="StartingTestCases.SeleniumTest"/>
</testsuite> <!-- StartingTestCases.SeleniumTest -->
