<?xml version="1.0" encoding="UTF-8"?>
<!-- Generated by org.testng.reporters.JUnitReportReporter -->
<testsuite skipped="0" hostname="SHASHIPRAKASHT-w8" name="StartingTestCases.AppiumTest" tests="2" failures="0" timestamp="16 Jun 2020 05:20:56 GMT" time="0.010" errors="0">
  <testcase name="AppiumBrowserProject2" time="0.001" classname="StartingTestCases.AppiumTest"/>
  <testcase name="AppiumBrowserProject" time="0.009" classname="StartingTestCases.AppiumTest"/>
</testsuite> <!-- StartingTestCases.AppiumTest -->
