<?xml version="1.0" encoding="UTF-8"?>
<!-- Generated by org.testng.reporters.JUnitReportReporter -->
<testsuite skipped="1" hostname="SHASHIPRAKASHT-w8" name="Test.HomeRelatedTestCases" tests="3" failures="0" timestamp="15 Jun 2020 06:25:22 GMT" time="0.006" errors="0">
  <testcase name="webLogin" time="0.004" classname="Test.HomeRelatedTestCases"/>
  <testcase name="APILogin" time="0.002" classname="Test.HomeRelatedTestCases"/>
  <testcase name="mobileLogin" classname="Test.HomeRelatedTestCases">
    <skipped/>
  </testcase> <!-- mobileLogin -->
</testsuite> <!-- Test.HomeRelatedTestCases -->
