<?xml version="1.0" encoding="UTF-8"?>
<!-- Generated by org.testng.reporters.JUnitReportReporter -->
<testsuite skipped="0" hostname="SHASHIPRAKASHT-w8" name="Test.LoanRelatedTestCases" tests="1" failures="0" timestamp="15 Jun 2020 06:11:32 GMT" time="0.002" errors="0">
  <testcase name="mobileLogout" time="0.002" classname="Test.LoanRelatedTestCases"/>
</testsuite> <!-- Test.LoanRelatedTestCases -->
